<?xml version="1.0" encoding="UTF-8"?>
<testng-results ignored="0" total="2" passed="2" failed="0" skipped="0">
  <reporter-output>
  </reporter-output>
  <suite started-at="2019-09-01T15:17:28 PDT" name="Default suite" finished-at="2019-09-01T15:17:43 PDT" duration-ms="14979">
    <groups>
    </groups>
    <test started-at="2019-09-01T15:17:28 PDT" name="Default test" finished-at="2019-09-01T15:17:43 PDT" duration-ms="14979">
      <class name="com.pages.loginPage">
        <test-method is-config="true" signature="lunchBrowser()[pri:0, instance:com.pages.loginPage@2f177a4b]" started-at="2019-09-01T15:17:28 PDT" name="lunchBrowser" finished-at="2019-09-01T15:17:37 PDT" duration-ms="8726" status="PASS">
          <reporter-output>
          </reporter-output>
        </test-method> <!-- lunchBrowser -->
        <test-method signature="verifyLogo()[pri:0, instance:com.pages.loginPage@2f177a4b]" started-at="2019-09-01T15:17:37 PDT" name="verifyLogo" finished-at="2019-09-01T15:17:37 PDT" duration-ms="209" status="PASS">
          <reporter-output>
          </reporter-output>
        </test-method> <!-- verifyLogo -->
        <test-method signature="login()[pri:1, instance:com.pages.loginPage@2f177a4b]" started-at="2019-09-01T15:17:37 PDT" name="login" finished-at="2019-09-01T15:17:42 PDT" duration-ms="5011" status="PASS">
          <reporter-output>
          </reporter-output>
        </test-method> <!-- login -->
        <test-method is-config="true" signature="closeBrowser()[pri:0, instance:com.pages.loginPage@2f177a4b]" started-at="2019-09-01T15:17:42 PDT" name="closeBrowser" finished-at="2019-09-01T15:17:43 PDT" duration-ms="978" status="PASS">
          <reporter-output>
          </reporter-output>
        </test-method> <!-- closeBrowser -->
      </class> <!-- com.pages.loginPage -->
    </test> <!-- Default test -->
  </suite> <!-- Default suite -->
</testng-results>
